
        ----------------
        Error, missing "[33m<scully-content>[39m" in route "[33m/docs/___UNPUBLISHED___kclbrt4f_3ZZKEAha4K7XlKnc4oX4ad8oiX3EL4Sj[39m"
        without <scully-content> we can not render this route.
        Make sure it is in there, and not inside any conditionals (*ngIf)
        You can check this by opening "[33mhttp://localhost:4200//docs/___UNPUBLISHED___kclbrt4f_3ZZKEAha4K7XlKnc4oX4ad8oiX3EL4Sj[39m"
        when you serve your app with [33mng serve[39m and then in the browsers console run:
        [33mdocument.querySelector('scully-content')[39m
        ----------------
        

----------------------------------
Using stored unhandled routes!.
   To discover new routes in the angular app use "[33mnpm run scully -- --scanRoutes[39m"
----------------------------------

        ----------------
        Error, missing "[33m<scully-content>[39m" in route "[33m/docs/___UNPUBLISHED___kclbrt4f_3ZZKEAha4K7XlKnc4oX4ad8oiX3EL4Sj[39m"
        without <scully-content> we can not render this route.
        Make sure it is in there, and not inside any conditionals (*ngIf)
        You can check this by opening "[33mhttp://localhost:4200//docs/___UNPUBLISHED___kclbrt4f_3ZZKEAha4K7XlKnc4oX4ad8oiX3EL4Sj[39m"
        when you serve your app with [33mng serve[39m and then in the browsers console run:
        [33mdocument.querySelector('scully-content')[39m
        ----------------
        

        ----------------
        Error, missing "[33m<scully-content>[39m" in route "[33m/docs/field[39m"
        without <scully-content> we can not render this route.
        Make sure it is in there, and not inside any conditionals (*ngIf)
        You can check this by opening "[33mhttp://localhost:4200//docs/field[39m"
        when you serve your app with [33mng serve[39m and then in the browsers console run:
        [33mdocument.querySelector('scully-content')[39m
        ----------------
        

----------------------------------
Using stored unhandled routes!.
   To discover new routes in the angular app use "[33mnpm run scully -- --scanRoutes[39m"
----------------------------------

----------------------------------
Using stored unhandled routes!.
   To discover new routes in the angular app use "[33mnpm run scully -- --scanRoutes[39m"
----------------------------------

----------------------------------
Using stored unhandled routes!.
   To discover new routes in the angular app use "[33mnpm run scully -- --scanRoutes[39m"
----------------------------------
No configuration for route "[33m/docs/:selector[39m" found. Skipping
No configuration for route "[33m/docs/:selector[39m" found. Skipping
No configuration for route "[33m/docs/:selector[39m" found. Skipping
No configuration for route "[33m/docs/:selector[39m" found. Skipping

----------------------------------
Using stored unhandled routes!.
   To discover new routes in the angular app use "[33mnpm run scully -- --scanRoutes[39m"
----------------------------------No configuration for route "[33m/components/:selector/docs[39m" found. SkippingNo configuration for route "[33m/docs/:selector[39m" found. Skipping


No configuration for route "[33m/docs/:selector[39m" found. Skipping
No configuration for route "[33m/docs/:selector[39m" found. Skipping

----------------------------------
Using stored unhandled routes!.
   To discover new routes in the angular app use "[33mnpm run scully -- --scanRoutes[39m"
----------------------------------No configuration for route "[33m/docs/:selector[39m" found. Skipping

No configuration for route "[33m/docs/:selector[39m" found. Skipping
No configuration for route "[33m/docs/:selector[39m" found. Skipping
No configuration for route "[33m/docs/:selector[39m" found. Skipping
No configuration for route "[33m/components/:selector[39m" found. Skipping
No configuration for route "[33m/components/:selector[39m" found. Skipping
No configuration for route "[33m/components/:selector[39m" found. Skipping
No configuration for route "[33m/components/:selector[39m" found. Skipping

----------------------------------
Using stored unhandled routes!.
   To discover new routes in the angular app use "[33mnpm run scully -- --scanRoutes[39m"
----------------------------------No configuration for route "[33m/components/:selector[39m" found. Skipping

No configuration for route "[33m/components/:selector[39m" found. Skipping
No configuration for route "[33m/components/:selector[39m" found. Skipping

----------------------------------
Using stored unhandled routes!.
   To discover new routes in the angular app use "[33mnpm run scully -- --scanRoutes[39m"
----------------------------------No configuration for route "[33m/components/:selector[39m" found. Skipping


----------------------------------
Using stored unhandled routes!.
   To discover new routes in the angular app use "[33mnpm run scully -- --scanRoutes[39m"
----------------------------------No configuration for route "[33m/components/:selector[39m" found. Skippingrunning in watch-mode, routefile in source assets will not be updated


No configuration for route "[33m/components/:selector[39m" found. Skippingrunning in watch-mode, routefile in source assets will not be updated

****************************************************************************************
This is a development tool for Scully applications.
You can ignore the warning (TLS) or run scully with --no-warning
****************************************************************************************No configuration for route "[33m/components/:selector[39m" found. Skipping

----------------------------------
Using stored unhandled routes!.
   To discover new routes in the angular app use "[33mnpm run scully -- --scanRoutes[39m"
----------------------------------No configuration for route "[33m/components/:selector[39m" found. Skipping


----------------------------------
Using stored unhandled routes!.
   To discover new routes in the angular app use "[33mnpm run scully -- --scanRoutes[39m"
----------------------------------No configuration for route "[33m/components/:selector[39m" found. Skipping

No configuration for route "[33m/components/:selector[39m" found. Skipping

----------------------------------
Using stored unhandled routes!.
   To discover new routes in the angular app use "[33mnpm run scully -- --scanRoutes[39m"
----------------------------------No configuration for route "[33m/components/:selector[39m" found. Skipping

No configuration for route "[33m/components/:selector[39m" found. Skipping
No routes defined in ""The option outDir isn't configured, using default folder "[33m./dist/static/[39m".

The option outDir isn't configured, using default folder "[33m./dist/static/[39m".No routes defined in ""

The option outDir isn't configured, using default folder "[33m./dist/static/[39m".No routes defined in ""

The option outDir isn't configured, using default folder "[33m./dist/static/[39m".No routes defined in ""

The option outDir isn't configured, using default folder "[33m./dist/static/[39m".No routes defined in ""

The option outDir isn't configured, using default folder "[33m./dist/static/[39m".No routes defined in ""

The option outDir isn't configured, using default folder "[33m./dist/static/[39m".No routes defined in ""

The option outDir isn't configured, using default folder "[33m./dist/static/[39m".No routes defined in ""

The option outDir isn't configured, using default folder "[33m./dist/static/[39m".No routes defined in ""

No routes defined in ""The option outDir isn't configured, using default folder "[33m./dist/static/[39m".

The option outDir isn't configured, using default folder "[33m./dist/static/[39m".No routes defined in ""

The option outDir isn't configured, using default folder "[33m./dist/static/[39m".No routes defined in ""

No configuration for route "[33m/components/:selector[39m" found. Skipping

----------------------------------
Using stored unhandled routes!.
   To discover new routes in the angular app use "[33mnpm run scully -- --scanRoutes[39m"
----------------------------------No configuration for route "[33m/components/:selector[39m" found. Skipping


----------------------------------
Using stored unhandled routes!.
   To discover new routes in the angular app use "[33mnpm run scully -- --scanRoutes[39m"
----------------------------------No configuration for route "[33m/components/:selector[39m" found. Skipping

Received Kill command
Received Kill command
Received Kill command
Received Kill command
Received Kill command
